{
  "RSpec": {
    "coverage": {
      "/Users/marysalemme/Desktop/Dev/tech-tests/send-me-money/spec/features/add_recipient_spec.rb": [
        1,
        1,
        null,
        1,
        1,
        1,
        1,
        1,
        1,
        1,
        null,
        null
      ],
      "/Users/marysalemme/Desktop/Dev/tech-tests/send-me-money/spec/features/authentication_spec.rb": [
        1,
        1,
        null,
        1,
        1,
        1,
        1,
        1,
        null,
        null
      ],
      "/Users/marysalemme/Desktop/Dev/tech-tests/send-me-money/spec/features/make_payment_spec.rb": [
        1,
        1,
        null,
        1,
        1,
        1,
        1,
        1,
        1,
        1,
        1,
        null,
        null
      ],
      "/Users/marysalemme/Desktop/Dev/tech-tests/send-me-money/spec/models/cool_pay_spec.rb": [
        1,
        null,
        1,
        null,
        5,
        5,
        5,
        5,
        5,
        1,
        5,
        5,
        null,
        1,
        4,
        1,
        null,
        4,
        1,
        null,
        4,
        1,
        null,
        4,
        1,
        null,
        4,
        0,
        null,
        4,
        null,
        1,
        null,
        4,
        null,
        2,
        null,
        4,
        null,
        1,
        null,
        4,
        null,
        1,
        null,
        null,
        null,
        null,
        null,
        null,
        null,
        1,
        1,
        1,
        1,
        1,
        null,
        null,
        null,
        1,
        1,
        1,
        1,
        1,
        null,
        null,
        null,
        1,
        1,
        1,
        1,
        1,
        1,
        null,
        null,
        null,
        1,
        1,
        1,
        1,
        1,
        null,
        null,
        null
      ]
    },
    "timestamp": 1506642915
  }
}
