{
  "RSpec": {
    "coverage": {
      "/Users/marysalemme/Desktop/Dev/tech-tests/send-me-money/spec/features/authentication_spec.rb": [
        1,
        null,
        1,
        1,
        1,
        1,
        1,
        null,
        null
      ],
      "/Users/marysalemme/Desktop/Dev/tech-tests/send-me-money/spec/models/cool_pay_spec.rb": [
        1,
        null,
        1,
        null,
        2,
        2,
        1,
        2,
        2,
        null,
        1,
        1,
        1,
        null,
        1,
        0,
        null,
        1,
        null,
        1,
        null,
        1,
        null,
        null,
        null,
        null,
        null,
        1,
        1,
        1,
        1,
        1,
        null,
        null,
        null
      ]
    },
    "timestamp": 1506335077
  }
}
